[05:20:07] [Server thread/INFO]: Starting minecraft server version 1.7.2
[05:20:07] [Server thread/WARN]: To start the server with more ram, launch it as "java -Xmx1024M -Xms1024M -jar minecraft_server.jar"
[05:20:07] [Server thread/INFO]: Loading properties
[05:20:07] [Server thread/INFO]: Default game type: SURVIVAL
[05:20:07] [Server thread/INFO]: Generating keypair
[05:20:07] [Server thread/INFO]: Starting Minecraft server on *:25565
[05:20:08] [Server thread/INFO]: Preparing level "world"
[05:20:08] [Server thread/INFO]: Preparing start region for level 0
[05:20:09] [Server thread/INFO]: Preparing spawn area: 0%
[05:20:10] [Server thread/INFO]: Preparing spawn area: 12%
[05:20:11] [Server thread/INFO]: Preparing spawn area: 50%
[05:20:12] [Server thread/INFO]: Preparing spawn area: 95%
[05:20:12] [Server thread/INFO]: Done (4.421s)! For help, type "help" or "?"
[05:20:12] [Server thread/INFO]: Starting GS4 status listener
[05:20:12] [Server thread/INFO]: Starting remote control listener
[05:20:12] [Query Listener #1/INFO]: Query running on 0.0.0.0:25575
[05:20:12] [RCON Listener #2/INFO]: RCON running on 0.0.0.0:25575
[05:20:17] [User Authenticator #1/INFO]: UUID of player amgraham is bf1f0c2fd9ba4d8fa2817241e0615f91
[05:20:17] [Server thread/INFO]: amgraham[/68.192.246.116:40627] logged in with entity id 313 at (77.67333598800262, 69.0, 18.95684575376798)
[05:20:17] [Server thread/INFO]: amgraham joined the game
[05:20:22] [Server thread/INFO]: amgraham lost connection: TextComponent{text='Disconnected', siblings=[], style=Style{hasParent=false, color=null, bold=null, italic=null, underlined=null, obfuscated=null, clickEvent=null, hoverEvent=null}}
[05:20:22] [Server thread/INFO]: amgraham left the game
[06:27:21] [User Authenticator #2/INFO]: UUID of player amgraham is bf1f0c2fd9ba4d8fa2817241e0615f91
[06:27:21] [Server thread/INFO]: amgraham[/68.192.246.116:41699] logged in with entity id 1251 at (74.44518574758816, 68.0, 16.113024861578552)
[06:27:21] [Server thread/INFO]: amgraham joined the game
[06:27:46] [Server thread/INFO]: [amgraham: Set own game mode to Creative Mode]
[06:27:52] [Server thread/INFO]: [amgraham: Set own game mode to Survival Mode]
[06:36:36] [Server thread/INFO]: amgraham lost connection: TranslatableComponent{key='disconnect.genericReason', args=[Internal Exception: java.io.IOException: Connection reset by peer], siblings=[], style=Style{hasParent=false, color=null, bold=null, italic=null, underlined=null, obfuscated=null, clickEvent=null, hoverEvent=null}}
[06:36:36] [Server thread/INFO]: amgraham left the game
[06:37:05] [Server Shutdown Thread/INFO]: Stopping server
